CameraMergeApp/app/build/intermediates/manifest_merge_blame_file/debug/processDebugMainManifest/manifest-merger-blame-debug-report.txt
1<?xml version="1.0" encoding="utf-8"?>
2<manifest xmlns:android="http://schemas.android.com/apk/res/android"
3    package="com.mauricio.cameramergeapp"
4    android:versionCode="1"
5    android:versionName="1.0" >
6
7    <uses-sdk
8        android:minSdkVersion="31"
9        android:targetSdkVersion="35" />
10
11    <uses-feature android:name="android.hardware.camera.any" />
11-->src\main\AndroidManifest.xml:4:5-63
11-->src\main\AndroidManifest.xml:4:19-61
12
13    <uses-permission android:name="android.permission.CAMERA" />
13-->src\main\AndroidManifest.xml:5:5-64
13-->src\main\AndroidManifest.xml:5:22-62
14
15    <permission
15-->[androidx.core:core:1.16.0] AndroidManifest.xml:22:5-24:47
16        android:name="com.mauricio.cameramergeapp.DYNAMIC_RECEIVER_NOT_EXPORTED_PERMISSION"
16-->[androidx.core:core:1.16.0] AndroidManifest.xml:23:9-81
17        android:protectionLevel="signature" />
17-->[androidx.core:core:1.16.0] AndroidManifest.xml:24:9-44
18
19    <uses-permission android:name="com.mauricio.cameramergeapp.DYNAMIC_RECEIVER_NOT_EXPORTED_PERMISSION" />
19-->[androidx.core:core:1.16.0] AndroidManifest.xml:26:5-97
19-->[androidx.core:core:1.16.0] AndroidManifest.xml:26:22-94
20
21    <application
21-->src\main\AndroidManifest.xml:6:5-26:19
22        android:allowBackup="true"
22-->src\main\AndroidManifest.xml:7:9-35
23        android:appComponentFactory="androidx.core.app.CoreComponentFactory"
23-->[androidx.core:core:1.16.0] AndroidManifest.xml:28:18-86
24        android:dataExtractionRules="@xml/data_extraction_rules"
24-->src\main\AndroidManifest.xml:8:9-65
25        android:debuggable="true"
26        android:extractNativeLibs="false"
27        android:fullBackupContent="@xml/backup_rules"
27-->src\main\AndroidManifest.xml:9:9-54
28        android:icon="@mipmap/ic_launcher"
28-->src\main\AndroidManifest.xml:10:9-43
29        android:label="@string/app_name"
29-->src\main\AndroidManifest.xml:11:9-41
30        android:roundIcon="@mipmap/ic_launcher_round"
30-->src\main\AndroidManifest.xml:12:9-54
31        android:supportsRtl="true"
31-->src\main\AndroidManifest.xml:13:9-35
32        android:testOnly="true"
33        android:theme="@style/Theme.CameraMergeApp" >
33-->src\main\AndroidManifest.xml:14:9-52
34        <activity
34-->src\main\AndroidManifest.xml:16:9-25:20
35            android:name="com.mauricio.cameramergeapp.MainActivity"
35-->src\main\AndroidManifest.xml:17:13-41
36            android:exported="true"
36-->src\main\AndroidManifest.xml:18:13-36
37            android:label="@string/app_name"
37-->src\main\AndroidManifest.xml:19:13-45
38            android:theme="@style/Theme.CameraMergeApp" >
38-->src\main\AndroidManifest.xml:20:13-56
39            <intent-filter>
39-->src\main\AndroidManifest.xml:21:13-24:29
40                <action android:name="android.intent.action.MAIN" />
40-->src\main\AndroidManifest.xml:22:17-69
40-->src\main\AndroidManifest.xml:22:25-66
41
42                <category android:name="android.intent.category.LAUNCHER" />
42-->src\main\AndroidManifest.xml:23:17-77
42-->src\main\AndroidManifest.xml:23:27-74
43            </intent-filter>
44        </activity>
45        <!--
46        Service for holding metadata. Cannot be instantiated.
47        Metadata will be merged from other manifests.
48        -->
49        <service
49-->[androidx.camera:camera-core:1.3.1] AndroidManifest.xml:29:9-33:78
50            android:name="androidx.camera.core.impl.MetadataHolderService"
50-->[androidx.camera:camera-core:1.3.1] AndroidManifest.xml:30:13-75
51            android:enabled="false"
51-->[androidx.camera:camera-core:1.3.1] AndroidManifest.xml:31:13-36
52            android:exported="false" >
52-->[androidx.camera:camera-core:1.3.1] AndroidManifest.xml:32:13-37
53            <meta-data
53-->[androidx.camera:camera-camera2:1.3.1] AndroidManifest.xml:30:13-32:89
54                android:name="androidx.camera.core.impl.MetadataHolderService.DEFAULT_CONFIG_PROVIDER"
54-->[androidx.camera:camera-camera2:1.3.1] AndroidManifest.xml:31:17-103
55                android:value="androidx.camera.camera2.Camera2Config$DefaultProvider" />
55-->[androidx.camera:camera-camera2:1.3.1] AndroidManifest.xml:32:17-86
56        </service>
57
58        <activity
58-->[androidx.compose.ui:ui-tooling-android:1.7.0] AndroidManifest.xml:23:9-25:39
59            android:name="androidx.compose.ui.tooling.PreviewActivity"
59-->[androidx.compose.ui:ui-tooling-android:1.7.0] AndroidManifest.xml:24:13-71
60            android:exported="true" />
60-->[androidx.compose.ui:ui-tooling-android:1.7.0] AndroidManifest.xml:25:13-36
61        <activity
61-->[androidx.compose.ui:ui-test-manifest:1.7.0] AndroidManifest.xml:23:9-25:39
62            android:name="androidx.activity.ComponentActivity"
62-->[androidx.compose.ui:ui-test-manifest:1.7.0] AndroidManifest.xml:24:13-63
63            android:exported="true" />
63-->[androidx.compose.ui:ui-test-manifest:1.7.0] AndroidManifest.xml:25:13-36
64
65        <provider
65-->[androidx.emoji2:emoji2:1.3.0] AndroidManifest.xml:24:9-32:20
66            android:name="androidx.startup.InitializationProvider"
66-->[androidx.emoji2:emoji2:1.3.0] AndroidManifest.xml:25:13-67
67            android:authorities="com.mauricio.cameramergeapp.androidx-startup"
67-->[androidx.emoji2:emoji2:1.3.0] AndroidManifest.xml:26:13-68
68            android:exported="false" >
68-->[androidx.emoji2:emoji2:1.3.0] AndroidManifest.xml:27:13-37
69            <meta-data
69-->[androidx.emoji2:emoji2:1.3.0] AndroidManifest.xml:29:13-31:52
70                android:name="androidx.emoji2.text.EmojiCompatInitializer"
70-->[androidx.emoji2:emoji2:1.3.0] AndroidManifest.xml:30:17-75
71                android:value="androidx.startup" />
71-->[androidx.emoji2:emoji2:1.3.0] AndroidManifest.xml:31:17-49
72            <meta-data
72-->[androidx.lifecycle:lifecycle-process:2.8.7] AndroidManifest.xml:29:13-31:52
73                android:name="androidx.lifecycle.ProcessLifecycleInitializer"
73-->[androidx.lifecycle:lifecycle-process:2.8.7] AndroidManifest.xml:30:17-78
74                android:value="androidx.startup" />
74-->[androidx.lifecycle:lifecycle-process:2.8.7] AndroidManifest.xml:31:17-49
75            <meta-data
75-->[androidx.profileinstaller:profileinstaller:1.4.0] AndroidManifest.xml:29:13-31:52
76                android:name="androidx.profileinstaller.ProfileInstallerInitializer"
76-->[androidx.profileinstaller:profileinstaller:1.4.0] AndroidManifest.xml:30:17-85
77                android:value="androidx.startup" />
77-->[androidx.profileinstaller:profileinstaller:1.4.0] AndroidManifest.xml:31:17-49
78        </provider>
79
80        <receiver
80-->[androidx.profileinstaller:profileinstaller:1.4.0] AndroidManifest.xml:34:9-52:20
81            android:name="androidx.profileinstaller.ProfileInstallReceiver"
81-->[androidx.profileinstaller:profileinstaller:1.4.0] AndroidManifest.xml:35:13-76
82            android:directBootAware="false"
82-->[androidx.profileinstaller:profileinstaller:1.4.0] AndroidManifest.xml:36:13-44
83            android:enabled="true"
83-->[androidx.profileinstaller:profileinstaller:1.4.0] AndroidManifest.xml:37:13-35
84            android:exported="true"
84-->[androidx.profileinstaller:profileinstaller:1.4.0] AndroidManifest.xml:38:13-36
85            android:permission="android.permission.DUMP" >
85-->[androidx.profileinstaller:profileinstaller:1.4.0] AndroidManifest.xml:39:13-57
86            <intent-filter>
86-->[androidx.profileinstaller:profileinstaller:1.4.0] AndroidManifest.xml:40:13-42:29
87                <action android:name="androidx.profileinstaller.action.INSTALL_PROFILE" />
87-->[androidx.profileinstaller:profileinstaller:1.4.0] AndroidManifest.xml:41:17-91
87-->[androidx.profileinstaller:profileinstaller:1.4.0] AndroidManifest.xml:41:25-88
88            </intent-filter>
89            <intent-filter>
89-->[androidx.profileinstaller:profileinstaller:1.4.0] AndroidManifest.xml:43:13-45:29
90                <action android:name="androidx.profileinstaller.action.SKIP_FILE" />
90-->[androidx.profileinstaller:profileinstaller:1.4.0] AndroidManifest.xml:44:17-85
90-->[androidx.profileinstaller:profileinstaller:1.4.0] AndroidManifest.xml:44:25-82
91            </intent-filter>
92            <intent-filter>
92-->[androidx.profileinstaller:profileinstaller:1.4.0] AndroidManifest.xml:46:13-48:29
93                <action android:name="androidx.profileinstaller.action.SAVE_PROFILE" />
93-->[androidx.profileinstaller:profileinstaller:1.4.0] AndroidManifest.xml:47:17-88
93-->[androidx.profileinstaller:profileinstaller:1.4.0] AndroidManifest.xml:47:25-85
94            </intent-filter>
95            <intent-filter>
95-->[androidx.profileinstaller:profileinstaller:1.4.0] AndroidManifest.xml:49:13-51:29
96                <action android:name="androidx.profileinstaller.action.BENCHMARK_OPERATION" />
96-->[androidx.profileinstaller:profileinstaller:1.4.0] AndroidManifest.xml:50:17-95
96-->[androidx.profileinstaller:profileinstaller:1.4.0] AndroidManifest.xml:50:25-92
97            </intent-filter>
98        </receiver>
99    </application>
100
101</manifest>